<?xml version="1.0" encoding="UTF-8"?>
<!-- Generated by org.testng.reporters.JUnitReportReporter -->
<testsuite hostname="DESKTOP-5DD7MB5" failures="0" tests="1" name="gitttt.Demo1" time="0.016" errors="0" timestamp="2024-08-14T14:29:19 IST" skipped="0">
  <testcase classname="gitttt.Demo1" name="reverse" time="0.016"/>
  <system-out/>
</testsuite> <!-- gitttt.Demo1 -->
